<?xml version="1.0" encoding="UTF-8"?>
<!-- Generated by org.testng.reporters.JUnitReportReporter -->
<testsuite hostname="DESKTOP-G0E75QA" failures="0" tests="4" name="com.eva.vtiger.inventorytestscripts.InventryInvoiceTestScripts" time="-1699524864.000" errors="1" timestamp="2023-11-09T15:44:35 IST" skipped="3">
  <testcase classname="com.eva.vtiger.inventorytestscripts.InventryInvoiceTestScripts" name="beforeTestCases" time="-1699524864.000">
    <error message="
Parameter &#039;browser&#039; is required by BeforeClass on method beforeTestCases but has not been marked @Optional or defined
in C:\Users\pc\Downloads\vtiger1.2\vtiger\testng.xml" type="org.testng.TestNGException">
      <![CDATA[org.testng.TestNGException: 
Parameter 'browser' is required by BeforeClass on method beforeTestCases but has not been marked @Optional or defined
in C:\Users\pc\Downloads\vtiger1.2\vtiger\testng.xml
at org.testng.internal.Parameters.createParams(Parameters.java:267)
at org.testng.internal.Parameters.createParametersForMethod(Parameters.java:355)
at org.testng.internal.Parameters.createParameters(Parameters.java:684)
at org.testng.internal.Parameters.createConfigurationParameters(Parameters.java:166)
at org.testng.internal.invokers.ConfigInvoker.invokeConfigurations(ConfigInvoker.java:306)
at org.testng.internal.invokers.TestMethodWorker.invokeBeforeClassMethods(TestMethodWorker.java:180)
at org.testng.internal.invokers.TestMethodWorker.run(TestMethodWorker.java:122)
at java.base/java.util.ArrayList.forEach(ArrayList.java:1511)
at org.testng.TestRunner.privateRun(TestRunner.java:848)
at org.testng.TestRunner.run(TestRunner.java:621)
at org.testng.SuiteRunner.runTest(SuiteRunner.java:443)
at org.testng.SuiteRunner.runSequentially(SuiteRunner.java:437)
at org.testng.SuiteRunner.privateRun(SuiteRunner.java:397)
at org.testng.SuiteRunner.run(SuiteRunner.java:336)
at org.testng.SuiteRunnerWorker.runSuite(SuiteRunnerWorker.java:52)
at org.testng.SuiteRunnerWorker.run(SuiteRunnerWorker.java:95)
at org.testng.TestNG.runSuitesSequentially(TestNG.java:1280)
at org.testng.TestNG.runSuitesLocally(TestNG.java:1200)
at org.testng.TestNG.runSuites(TestNG.java:1114)
at org.testng.TestNG.run(TestNG.java:1082)
at org.testng.remote.AbstractRemoteTestNG.run(AbstractRemoteTestNG.java:115)
at org.testng.remote.RemoteTestNG.initAndRun(RemoteTestNG.java:251)
at org.testng.remote.RemoteTestNG.main(RemoteTestNG.java:77)
]]>
    </error>
  </testcase> <!-- beforeTestCases -->
  <testcase classname="com.eva.vtiger.inventorytestscripts.InventryInvoiceTestScripts" name="verifyVT006AccountAndContactAddOnInvoiceForm" time="0.001">
    <skipped/>
  </testcase> <!-- verifyVT006AccountAndContactAddOnInvoiceForm -->
  <testcase classname="com.eva.vtiger.inventorytestscripts.InventryInvoiceTestScripts" name="verifyVT006AccountAndContactAddOnInvoiceForm" time="0.000">
    <skipped/>
  </testcase> <!-- verifyVT006AccountAndContactAddOnInvoiceForm -->
  <testcase classname="com.eva.vtiger.inventorytestscripts.InventryInvoiceTestScripts" name="verifyVT006AccountAndContactAddOnInvoiceForm" time="0.000">
    <skipped/>
  </testcase> <!-- verifyVT006AccountAndContactAddOnInvoiceForm -->
</testsuite> <!-- com.eva.vtiger.inventorytestscripts.InventryInvoiceTestScripts -->
